[0.266s] DEBUG:colcon:Command line arguments: ['/usr/bin/colcon', 'build']
[0.266s] DEBUG:colcon:Parsed command line arguments: Namespace(log_base=None, log_level=None, verb_name='build', build_base='build', install_base='install', merge_install=False, symlink_install=False, test_result_base=None, continue_on_error=False, executor='parallel', parallel_workers=4, event_handlers=None, ignore_user_meta=False, metas=['./colcon.meta'], base_paths=['.'], packages_ignore=None, packages_ignore_regex=None, paths=None, packages_up_to=None, packages_up_to_regex=None, packages_above=None, packages_above_and_dependencies=None, packages_above_depth=None, packages_select_by_dep=None, packages_skip_by_dep=None, packages_skip_up_to=None, packages_select_build_failed=False, packages_skip_build_finished=False, packages_select_test_failures=False, packages_skip_test_passed=False, packages_select=None, packages_skip=None, packages_select_regex=None, packages_skip_regex=None, packages_start=None, packages_end=None, allow_overriding=[], cmake_args=None, cmake_target=None, cmake_target_skip_unavailable=False, cmake_clean_cache=False, cmake_clean_first=False, cmake_force_configure=False, ament_cmake_args=None, catkin_cmake_args=None, catkin_skip_building_tests=False, mixin_files=None, mixin=None, verb_parser=<colcon_mixin.mixin.mixin_argument.MixinArgumentDecorator object at 0xffffa1f99220>, verb_extension=<colcon_core.verb.build.BuildVerb object at 0xffffa2a134a0>, main=<bound method BuildVerb.main of <colcon_core.verb.build.BuildVerb object at 0xffffa2a134a0>>, mixin_verb=('build',))
[0.387s] Level 1:colcon.colcon_core.package_discovery:discover_packages(colcon_meta) check parameters
[0.388s] Level 1:colcon.colcon_core.package_discovery:discover_packages(recursive) check parameters
[0.388s] Level 1:colcon.colcon_core.package_discovery:discover_packages(ignore) check parameters
[0.388s] Level 1:colcon.colcon_core.package_discovery:discover_packages(path) check parameters
[0.388s] Level 1:colcon.colcon_core.package_discovery:discover_packages(colcon_meta) discover
[0.388s] Level 1:colcon.colcon_core.package_discovery:discover_packages(recursive) discover
[0.388s] INFO:colcon.colcon_core.package_discovery:Crawling recursively for packages in '/home/pi/drone_workspace/drone-2026/ros_workspace/src'
[0.388s] Level 1:colcon.colcon_core.package_identification:_identify(.) by extensions ['ignore', 'ignore_ament_install']
[0.388s] Level 1:colcon.colcon_core.package_identification:_identify(.) by extension 'ignore'
[0.388s] Level 1:colcon.colcon_core.package_identification:_identify(.) by extension 'ignore_ament_install'
[0.388s] Level 1:colcon.colcon_core.package_identification:_identify(.) by extensions ['colcon_pkg']
[0.388s] Level 1:colcon.colcon_core.package_identification:_identify(.) by extension 'colcon_pkg'
[0.389s] Level 1:colcon.colcon_core.package_identification:_identify(.) by extensions ['colcon_meta']
[0.389s] Level 1:colcon.colcon_core.package_identification:_identify(.) by extension 'colcon_meta'
[0.389s] Level 1:colcon.colcon_core.package_identification:_identify(.) by extensions ['ros']
[0.389s] Level 1:colcon.colcon_core.package_identification:_identify(.) by extension 'ros'
[0.450s] Level 1:colcon.colcon_core.package_identification:_identify(.) by extensions ['cmake', 'python']
[0.450s] Level 1:colcon.colcon_core.package_identification:_identify(.) by extension 'cmake'
[0.450s] Level 1:colcon.colcon_core.package_identification:_identify(.) by extension 'python'
[0.450s] Level 1:colcon.colcon_core.package_identification:_identify(.) by extensions ['python_setup_py']
[0.450s] Level 1:colcon.colcon_core.package_identification:_identify(.) by extension 'python_setup_py'
[0.451s] Level 1:colcon.colcon_core.package_identification:_identify(build) by extensions ['ignore', 'ignore_ament_install']
[0.451s] Level 1:colcon.colcon_core.package_identification:_identify(build) by extension 'ignore'
[0.451s] Level 1:colcon.colcon_core.package_identification:_identify(build) ignored
[0.451s] Level 1:colcon.colcon_core.package_identification:_identify(install) by extensions ['ignore', 'ignore_ament_install']
[0.451s] Level 1:colcon.colcon_core.package_identification:_identify(install) by extension 'ignore'
[0.451s] Level 1:colcon.colcon_core.package_identification:_identify(install) ignored
[0.451s] Level 1:colcon.colcon_core.package_identification:_identify(log) by extensions ['ignore', 'ignore_ament_install']
[0.451s] Level 1:colcon.colcon_core.package_identification:_identify(log) by extension 'ignore'
[0.451s] Level 1:colcon.colcon_core.package_identification:_identify(log) ignored
[0.451s] Level 1:colcon.colcon_core.package_identification:_identify(px4_msgs) by extensions ['ignore', 'ignore_ament_install']
[0.451s] Level 1:colcon.colcon_core.package_identification:_identify(px4_msgs) by extension 'ignore'
[0.452s] Level 1:colcon.colcon_core.package_identification:_identify(px4_msgs) by extension 'ignore_ament_install'
[0.452s] Level 1:colcon.colcon_core.package_identification:_identify(px4_msgs) by extensions ['colcon_pkg']
[0.452s] Level 1:colcon.colcon_core.package_identification:_identify(px4_msgs) by extension 'colcon_pkg'
[0.452s] Level 1:colcon.colcon_core.package_identification:_identify(px4_msgs) by extensions ['colcon_meta']
[0.452s] Level 1:colcon.colcon_core.package_identification:_identify(px4_msgs) by extension 'colcon_meta'
[0.452s] Level 1:colcon.colcon_core.package_identification:_identify(px4_msgs) by extensions ['ros']
[0.452s] Level 1:colcon.colcon_core.package_identification:_identify(px4_msgs) by extension 'ros'
[0.458s] DEBUG:colcon.colcon_core.package_identification:Package 'px4_msgs' with type 'ros.ament_cmake' and name 'px4_msgs'
[0.458s] Level 1:colcon.colcon_core.package_identification:_identify(uav_mission) by extensions ['ignore', 'ignore_ament_install']
[0.458s] Level 1:colcon.colcon_core.package_identification:_identify(uav_mission) by extension 'ignore'
[0.458s] Level 1:colcon.colcon_core.package_identification:_identify(uav_mission) by extension 'ignore_ament_install'
[0.458s] Level 1:colcon.colcon_core.package_identification:_identify(uav_mission) by extensions ['colcon_pkg']
[0.458s] Level 1:colcon.colcon_core.package_identification:_identify(uav_mission) by extension 'colcon_pkg'
[0.458s] Level 1:colcon.colcon_core.package_identification:_identify(uav_mission) by extensions ['colcon_meta']
[0.458s] Level 1:colcon.colcon_core.package_identification:_identify(uav_mission) by extension 'colcon_meta'
[0.459s] Level 1:colcon.colcon_core.package_identification:_identify(uav_mission) by extensions ['ros']
[0.459s] Level 1:colcon.colcon_core.package_identification:_identify(uav_mission) by extension 'ros'
[0.460s] DEBUG:colcon.colcon_core.package_identification:Package 'uav_mission' with type 'ros.ament_python' and name 'uav_mission'
[0.460s] Level 1:colcon.colcon_core.package_identification:_identify(uav_msgs) by extensions ['ignore', 'ignore_ament_install']
[0.460s] Level 1:colcon.colcon_core.package_identification:_identify(uav_msgs) by extension 'ignore'
[0.460s] Level 1:colcon.colcon_core.package_identification:_identify(uav_msgs) by extension 'ignore_ament_install'
[0.460s] Level 1:colcon.colcon_core.package_identification:_identify(uav_msgs) by extensions ['colcon_pkg']
[0.460s] Level 1:colcon.colcon_core.package_identification:_identify(uav_msgs) by extension 'colcon_pkg'
[0.460s] Level 1:colcon.colcon_core.package_identification:_identify(uav_msgs) by extensions ['colcon_meta']
[0.460s] Level 1:colcon.colcon_core.package_identification:_identify(uav_msgs) by extension 'colcon_meta'
[0.460s] Level 1:colcon.colcon_core.package_identification:_identify(uav_msgs) by extensions ['ros']
[0.460s] Level 1:colcon.colcon_core.package_identification:_identify(uav_msgs) by extension 'ros'
[0.461s] DEBUG:colcon.colcon_core.package_identification:Package 'uav_msgs' with type 'ros.ament_cmake' and name 'uav_msgs'
[0.462s] Level 1:colcon.colcon_core.package_discovery:discover_packages(recursive) using defaults
[0.462s] Level 1:colcon.colcon_core.package_discovery:discover_packages(ignore) discover
[0.462s] Level 1:colcon.colcon_core.package_discovery:discover_packages(ignore) using defaults
[0.462s] Level 1:colcon.colcon_core.package_discovery:discover_packages(path) discover
[0.462s] Level 1:colcon.colcon_core.package_discovery:discover_packages(path) using defaults
[0.501s] Level 1:colcon.colcon_core.package_discovery:discover_packages(prefix_path) check parameters
[0.501s] Level 1:colcon.colcon_core.package_discovery:discover_packages(prefix_path) discover
[0.508s] DEBUG:colcon.colcon_installed_package_information.package_discovery:Found 286 installed packages in /opt/ros/jazzy
[0.511s] Level 1:colcon.colcon_core.package_discovery:discover_packages(prefix_path) using defaults
[0.572s] Level 5:colcon.colcon_core.verb:set package 'px4_msgs' build argument 'cmake_args' from command line to 'None'
[0.572s] Level 5:colcon.colcon_core.verb:set package 'px4_msgs' build argument 'cmake_target' from command line to 'None'
[0.572s] Level 5:colcon.colcon_core.verb:set package 'px4_msgs' build argument 'cmake_target_skip_unavailable' from command line to 'False'
[0.572s] Level 5:colcon.colcon_core.verb:set package 'px4_msgs' build argument 'cmake_clean_cache' from command line to 'False'
[0.572s] Level 5:colcon.colcon_core.verb:set package 'px4_msgs' build argument 'cmake_clean_first' from command line to 'False'
[0.572s] Level 5:colcon.colcon_core.verb:set package 'px4_msgs' build argument 'cmake_force_configure' from command line to 'False'
[0.572s] Level 5:colcon.colcon_core.verb:set package 'px4_msgs' build argument 'ament_cmake_args' from command line to 'None'
[0.572s] Level 5:colcon.colcon_core.verb:set package 'px4_msgs' build argument 'catkin_cmake_args' from command line to 'None'
[0.572s] Level 5:colcon.colcon_core.verb:set package 'px4_msgs' build argument 'catkin_skip_building_tests' from command line to 'False'
[0.572s] DEBUG:colcon.colcon_core.verb:Building package 'px4_msgs' with the following arguments: {'ament_cmake_args': None, 'build_base': '/home/pi/drone_workspace/drone-2026/ros_workspace/src/build/px4_msgs', 'catkin_cmake_args': None, 'catkin_skip_building_tests': False, 'cmake_args': None, 'cmake_clean_cache': False, 'cmake_clean_first': False, 'cmake_force_configure': False, 'cmake_target': None, 'cmake_target_skip_unavailable': False, 'install_base': '/home/pi/drone_workspace/drone-2026/ros_workspace/src/install/px4_msgs', 'merge_install': False, 'path': '/home/pi/drone_workspace/drone-2026/ros_workspace/src/px4_msgs', 'symlink_install': False, 'test_result_base': None}
[0.572s] Level 5:colcon.colcon_core.verb:set package 'uav_msgs' build argument 'cmake_args' from command line to 'None'
[0.572s] Level 5:colcon.colcon_core.verb:set package 'uav_msgs' build argument 'cmake_target' from command line to 'None'
[0.572s] Level 5:colcon.colcon_core.verb:set package 'uav_msgs' build argument 'cmake_target_skip_unavailable' from command line to 'False'
[0.572s] Level 5:colcon.colcon_core.verb:set package 'uav_msgs' build argument 'cmake_clean_cache' from command line to 'False'
[0.572s] Level 5:colcon.colcon_core.verb:set package 'uav_msgs' build argument 'cmake_clean_first' from command line to 'False'
[0.573s] Level 5:colcon.colcon_core.verb:set package 'uav_msgs' build argument 'cmake_force_configure' from command line to 'False'
[0.573s] Level 5:colcon.colcon_core.verb:set package 'uav_msgs' build argument 'ament_cmake_args' from command line to 'None'
[0.573s] Level 5:colcon.colcon_core.verb:set package 'uav_msgs' build argument 'catkin_cmake_args' from command line to 'None'
[0.573s] Level 5:colcon.colcon_core.verb:set package 'uav_msgs' build argument 'catkin_skip_building_tests' from command line to 'False'
[0.573s] DEBUG:colcon.colcon_core.verb:Building package 'uav_msgs' with the following arguments: {'ament_cmake_args': None, 'build_base': '/home/pi/drone_workspace/drone-2026/ros_workspace/src/build/uav_msgs', 'catkin_cmake_args': None, 'catkin_skip_building_tests': False, 'cmake_args': None, 'cmake_clean_cache': False, 'cmake_clean_first': False, 'cmake_force_configure': False, 'cmake_target': None, 'cmake_target_skip_unavailable': False, 'install_base': '/home/pi/drone_workspace/drone-2026/ros_workspace/src/install/uav_msgs', 'merge_install': False, 'path': '/home/pi/drone_workspace/drone-2026/ros_workspace/src/uav_msgs', 'symlink_install': False, 'test_result_base': None}
[0.573s] Level 5:colcon.colcon_core.verb:set package 'uav_mission' build argument 'cmake_args' from command line to 'None'
[0.573s] Level 5:colcon.colcon_core.verb:set package 'uav_mission' build argument 'cmake_target' from command line to 'None'
[0.573s] Level 5:colcon.colcon_core.verb:set package 'uav_mission' build argument 'cmake_target_skip_unavailable' from command line to 'False'
[0.573s] Level 5:colcon.colcon_core.verb:set package 'uav_mission' build argument 'cmake_clean_cache' from command line to 'False'
[0.573s] Level 5:colcon.colcon_core.verb:set package 'uav_mission' build argument 'cmake_clean_first' from command line to 'False'
[0.573s] Level 5:colcon.colcon_core.verb:set package 'uav_mission' build argument 'cmake_force_configure' from command line to 'False'
[0.573s] Level 5:colcon.colcon_core.verb:set package 'uav_mission' build argument 'ament_cmake_args' from command line to 'None'
[0.573s] Level 5:colcon.colcon_core.verb:set package 'uav_mission' build argument 'catkin_cmake_args' from command line to 'None'
[0.573s] Level 5:colcon.colcon_core.verb:set package 'uav_mission' build argument 'catkin_skip_building_tests' from command line to 'False'
[0.573s] DEBUG:colcon.colcon_core.verb:Building package 'uav_mission' with the following arguments: {'ament_cmake_args': None, 'build_base': '/home/pi/drone_workspace/drone-2026/ros_workspace/src/build/uav_mission', 'catkin_cmake_args': None, 'catkin_skip_building_tests': False, 'cmake_args': None, 'cmake_clean_cache': False, 'cmake_clean_first': False, 'cmake_force_configure': False, 'cmake_target': None, 'cmake_target_skip_unavailable': False, 'install_base': '/home/pi/drone_workspace/drone-2026/ros_workspace/src/install/uav_mission', 'merge_install': False, 'path': '/home/pi/drone_workspace/drone-2026/ros_workspace/src/uav_mission', 'symlink_install': False, 'test_result_base': None}
[0.573s] INFO:colcon.colcon_core.executor:Executing jobs using 'parallel' executor
[0.575s] DEBUG:colcon.colcon_parallel_executor.executor.parallel:run_until_complete
[0.575s] INFO:colcon.colcon_ros.task.ament_cmake.build:Building ROS package in '/home/pi/drone_workspace/drone-2026/ros_workspace/src/uav_msgs' with build type 'ament_cmake'
[0.575s] INFO:colcon.colcon_cmake.task.cmake.build:Building CMake package in '/home/pi/drone_workspace/drone-2026/ros_workspace/src/uav_msgs'
[0.583s] INFO:colcon.colcon_core.plugin_system:Skipping extension 'colcon_core.shell.bat': Not used on non-Windows systems
[0.584s] INFO:colcon.colcon_core.shell:Skip shell extension 'powershell' for command environment: Not usable outside of PowerShell
[0.584s] DEBUG:colcon.colcon_core.shell:Skip shell extension 'dsv' for command environment
[0.589s] INFO:colcon.colcon_ros.task.ament_cmake.build:Building ROS package in '/home/pi/drone_workspace/drone-2026/ros_workspace/src/px4_msgs' with build type 'ament_cmake'
[0.589s] INFO:colcon.colcon_cmake.task.cmake.build:Building CMake package in '/home/pi/drone_workspace/drone-2026/ros_workspace/src/px4_msgs'
[0.589s] INFO:colcon.colcon_core.shell:Skip shell extension 'powershell' for command environment: Not usable outside of PowerShell
[0.590s] DEBUG:colcon.colcon_core.shell:Skip shell extension 'dsv' for command environment
[0.599s] DEBUG:colcon.colcon_core.event_handler.log_command:Invoking command in '/home/pi/drone_workspace/drone-2026/ros_workspace/src/build/uav_msgs': CMAKE_PREFIX_PATH=${CMAKE_PREFIX_PATH}:/opt/ros/jazzy DEBUGINFOD_URLS=https://debuginfod.ubuntu.com /usr/bin/cmake /home/pi/drone_workspace/drone-2026/ros_workspace/src/uav_msgs -DCMAKE_INSTALL_PREFIX=/home/pi/drone_workspace/drone-2026/ros_workspace/src/install/uav_msgs
[0.605s] DEBUG:colcon.colcon_core.event_handler.log_command:Invoking command in '/home/pi/drone_workspace/drone-2026/ros_workspace/src/build/px4_msgs': CMAKE_PREFIX_PATH=${CMAKE_PREFIX_PATH}:/opt/ros/jazzy DEBUGINFOD_URLS=https://debuginfod.ubuntu.com /usr/bin/cmake /home/pi/drone_workspace/drone-2026/ros_workspace/src/px4_msgs -DCMAKE_INSTALL_PREFIX=/home/pi/drone_workspace/drone-2026/ros_workspace/src/install/px4_msgs
[6.991s] DEBUG:colcon.colcon_core.event_handler.log_command:Invoked command in '/home/pi/drone_workspace/drone-2026/ros_workspace/src/build/uav_msgs' returned '0': CMAKE_PREFIX_PATH=${CMAKE_PREFIX_PATH}:/opt/ros/jazzy DEBUGINFOD_URLS=https://debuginfod.ubuntu.com /usr/bin/cmake /home/pi/drone_workspace/drone-2026/ros_workspace/src/uav_msgs -DCMAKE_INSTALL_PREFIX=/home/pi/drone_workspace/drone-2026/ros_workspace/src/install/uav_msgs
[6.994s] DEBUG:colcon.colcon_core.event_handler.log_command:Invoking command in '/home/pi/drone_workspace/drone-2026/ros_workspace/src/build/uav_msgs': CMAKE_PREFIX_PATH=${CMAKE_PREFIX_PATH}:/opt/ros/jazzy DEBUGINFOD_URLS=https://debuginfod.ubuntu.com /usr/bin/cmake --build /home/pi/drone_workspace/drone-2026/ros_workspace/src/build/uav_msgs -- -j4 -l4
[9.779s] DEBUG:colcon.colcon_core.event_handler.log_command:Invoked command in '/home/pi/drone_workspace/drone-2026/ros_workspace/src/build/px4_msgs' returned '0': CMAKE_PREFIX_PATH=${CMAKE_PREFIX_PATH}:/opt/ros/jazzy DEBUGINFOD_URLS=https://debuginfod.ubuntu.com /usr/bin/cmake /home/pi/drone_workspace/drone-2026/ros_workspace/src/px4_msgs -DCMAKE_INSTALL_PREFIX=/home/pi/drone_workspace/drone-2026/ros_workspace/src/install/px4_msgs
[9.781s] DEBUG:colcon.colcon_core.event_handler.log_command:Invoking command in '/home/pi/drone_workspace/drone-2026/ros_workspace/src/build/px4_msgs': CMAKE_PREFIX_PATH=${CMAKE_PREFIX_PATH}:/opt/ros/jazzy DEBUGINFOD_URLS=https://debuginfod.ubuntu.com /usr/bin/cmake --build /home/pi/drone_workspace/drone-2026/ros_workspace/src/build/px4_msgs -- -j4 -l4
[40.703s] DEBUG:colcon.colcon_core.event_handler.log_command:Invoked command in '/home/pi/drone_workspace/drone-2026/ros_workspace/src/build/uav_msgs' returned '0': CMAKE_PREFIX_PATH=${CMAKE_PREFIX_PATH}:/opt/ros/jazzy DEBUGINFOD_URLS=https://debuginfod.ubuntu.com /usr/bin/cmake --build /home/pi/drone_workspace/drone-2026/ros_workspace/src/build/uav_msgs -- -j4 -l4
[40.720s] DEBUG:colcon.colcon_core.event_handler.log_command:Invoking command in '/home/pi/drone_workspace/drone-2026/ros_workspace/src/build/uav_msgs': CMAKE_PREFIX_PATH=${CMAKE_PREFIX_PATH}:/opt/ros/jazzy DEBUGINFOD_URLS=https://debuginfod.ubuntu.com /usr/bin/cmake --install /home/pi/drone_workspace/drone-2026/ros_workspace/src/build/uav_msgs
[40.959s] Level 1:colcon.colcon_core.environment:create_environment_scripts_only(uav_msgs)
[40.960s] DEBUG:colcon.colcon_core.event_handler.log_command:Invoked command in '/home/pi/drone_workspace/drone-2026/ros_workspace/src/build/uav_msgs' returned '0': CMAKE_PREFIX_PATH=${CMAKE_PREFIX_PATH}:/opt/ros/jazzy DEBUGINFOD_URLS=https://debuginfod.ubuntu.com /usr/bin/cmake --install /home/pi/drone_workspace/drone-2026/ros_workspace/src/build/uav_msgs
[40.970s] Level 1:colcon.colcon_core.environment:checking '/home/pi/drone_workspace/drone-2026/ros_workspace/src/install/uav_msgs' for CMake module files
[40.971s] Level 1:colcon.colcon_core.environment:checking '/home/pi/drone_workspace/drone-2026/ros_workspace/src/install/uav_msgs' for CMake config files
[40.971s] Level 1:colcon.colcon_core.shell:create_environment_hook('uav_msgs', 'cmake_prefix_path')
[40.971s] INFO:colcon.colcon_core.shell:Creating environment hook '/home/pi/drone_workspace/drone-2026/ros_workspace/src/install/uav_msgs/share/uav_msgs/hook/cmake_prefix_path.ps1'
[40.973s] INFO:colcon.colcon_core.shell:Creating environment descriptor '/home/pi/drone_workspace/drone-2026/ros_workspace/src/install/uav_msgs/share/uav_msgs/hook/cmake_prefix_path.dsv'
[40.974s] INFO:colcon.colcon_core.shell:Creating environment hook '/home/pi/drone_workspace/drone-2026/ros_workspace/src/install/uav_msgs/share/uav_msgs/hook/cmake_prefix_path.sh'
[40.975s] Level 1:colcon.colcon_core.environment:checking '/home/pi/drone_workspace/drone-2026/ros_workspace/src/install/uav_msgs/lib'
[40.975s] Level 1:colcon.colcon_core.shell:create_environment_hook('uav_msgs', 'ld_library_path_lib')
[40.975s] INFO:colcon.colcon_core.shell:Creating environment hook '/home/pi/drone_workspace/drone-2026/ros_workspace/src/install/uav_msgs/share/uav_msgs/hook/ld_library_path_lib.ps1'
[40.976s] INFO:colcon.colcon_core.shell:Creating environment descriptor '/home/pi/drone_workspace/drone-2026/ros_workspace/src/install/uav_msgs/share/uav_msgs/hook/ld_library_path_lib.dsv'
[40.976s] INFO:colcon.colcon_core.shell:Creating environment hook '/home/pi/drone_workspace/drone-2026/ros_workspace/src/install/uav_msgs/share/uav_msgs/hook/ld_library_path_lib.sh'
[40.976s] Level 1:colcon.colcon_core.environment:checking '/home/pi/drone_workspace/drone-2026/ros_workspace/src/install/uav_msgs/bin'
[40.976s] Level 1:colcon.colcon_core.environment:checking '/home/pi/drone_workspace/drone-2026/ros_workspace/src/install/uav_msgs/lib/pkgconfig/uav_msgs.pc'
[40.977s] Level 1:colcon.colcon_core.environment:checking '/home/pi/drone_workspace/drone-2026/ros_workspace/src/install/uav_msgs/lib/python3.12/site-packages'
[40.977s] Level 1:colcon.colcon_core.shell:create_environment_hook('uav_msgs', 'pythonpath')
[40.977s] INFO:colcon.colcon_core.shell:Creating environment hook '/home/pi/drone_workspace/drone-2026/ros_workspace/src/install/uav_msgs/share/uav_msgs/hook/pythonpath.ps1'
[40.978s] INFO:colcon.colcon_core.shell:Creating environment descriptor '/home/pi/drone_workspace/drone-2026/ros_workspace/src/install/uav_msgs/share/uav_msgs/hook/pythonpath.dsv'
[40.978s] INFO:colcon.colcon_core.shell:Creating environment hook '/home/pi/drone_workspace/drone-2026/ros_workspace/src/install/uav_msgs/share/uav_msgs/hook/pythonpath.sh'
[40.979s] Level 1:colcon.colcon_core.environment:checking '/home/pi/drone_workspace/drone-2026/ros_workspace/src/install/uav_msgs/bin'
[40.979s] INFO:colcon.colcon_core.shell:Creating package script '/home/pi/drone_workspace/drone-2026/ros_workspace/src/install/uav_msgs/share/uav_msgs/package.ps1'
[40.981s] INFO:colcon.colcon_core.shell:Creating package descriptor '/home/pi/drone_workspace/drone-2026/ros_workspace/src/install/uav_msgs/share/uav_msgs/package.dsv'
[40.982s] INFO:colcon.colcon_core.shell:Creating package script '/home/pi/drone_workspace/drone-2026/ros_workspace/src/install/uav_msgs/share/uav_msgs/package.sh'
[40.984s] INFO:colcon.colcon_core.shell:Creating package script '/home/pi/drone_workspace/drone-2026/ros_workspace/src/install/uav_msgs/share/uav_msgs/package.bash'
[40.985s] INFO:colcon.colcon_core.shell:Creating package script '/home/pi/drone_workspace/drone-2026/ros_workspace/src/install/uav_msgs/share/uav_msgs/package.zsh'
[40.987s] Level 1:colcon.colcon_core.environment:create_file_with_runtime_dependencies(/home/pi/drone_workspace/drone-2026/ros_workspace/src/install/uav_msgs/share/colcon-core/packages/uav_msgs)
[40.988s] Level 1:colcon.colcon_core.environment:create_environment_scripts_only(uav_msgs)
[40.988s] Level 1:colcon.colcon_core.environment:checking '/home/pi/drone_workspace/drone-2026/ros_workspace/src/install/uav_msgs' for CMake module files
[40.989s] Level 1:colcon.colcon_core.environment:checking '/home/pi/drone_workspace/drone-2026/ros_workspace/src/install/uav_msgs' for CMake config files
[40.989s] Level 1:colcon.colcon_core.shell:create_environment_hook('uav_msgs', 'cmake_prefix_path')
[40.989s] INFO:colcon.colcon_core.shell:Creating environment hook '/home/pi/drone_workspace/drone-2026/ros_workspace/src/install/uav_msgs/share/uav_msgs/hook/cmake_prefix_path.ps1'
[40.990s] INFO:colcon.colcon_core.shell:Creating environment descriptor '/home/pi/drone_workspace/drone-2026/ros_workspace/src/install/uav_msgs/share/uav_msgs/hook/cmake_prefix_path.dsv'
[40.991s] INFO:colcon.colcon_core.shell:Creating environment hook '/home/pi/drone_workspace/drone-2026/ros_workspace/src/install/uav_msgs/share/uav_msgs/hook/cmake_prefix_path.sh'
[40.991s] Level 1:colcon.colcon_core.environment:checking '/home/pi/drone_workspace/drone-2026/ros_workspace/src/install/uav_msgs/lib'
[40.991s] Level 1:colcon.colcon_core.shell:create_environment_hook('uav_msgs', 'ld_library_path_lib')
[40.992s] INFO:colcon.colcon_core.shell:Creating environment hook '/home/pi/drone_workspace/drone-2026/ros_workspace/src/install/uav_msgs/share/uav_msgs/hook/ld_library_path_lib.ps1'
[40.992s] INFO:colcon.colcon_core.shell:Creating environment descriptor '/home/pi/drone_workspace/drone-2026/ros_workspace/src/install/uav_msgs/share/uav_msgs/hook/ld_library_path_lib.dsv'
[40.993s] INFO:colcon.colcon_core.shell:Creating environment hook '/home/pi/drone_workspace/drone-2026/ros_workspace/src/install/uav_msgs/share/uav_msgs/hook/ld_library_path_lib.sh'
[40.993s] Level 1:colcon.colcon_core.environment:checking '/home/pi/drone_workspace/drone-2026/ros_workspace/src/install/uav_msgs/bin'
[40.993s] Level 1:colcon.colcon_core.environment:checking '/home/pi/drone_workspace/drone-2026/ros_workspace/src/install/uav_msgs/lib/pkgconfig/uav_msgs.pc'
[40.993s] Level 1:colcon.colcon_core.environment:checking '/home/pi/drone_workspace/drone-2026/ros_workspace/src/install/uav_msgs/lib/python3.12/site-packages'
[40.994s] Level 1:colcon.colcon_core.shell:create_environment_hook('uav_msgs', 'pythonpath')
[40.994s] INFO:colcon.colcon_core.shell:Creating environment hook '/home/pi/drone_workspace/drone-2026/ros_workspace/src/install/uav_msgs/share/uav_msgs/hook/pythonpath.ps1'
[40.994s] INFO:colcon.colcon_core.shell:Creating environment descriptor '/home/pi/drone_workspace/drone-2026/ros_workspace/src/install/uav_msgs/share/uav_msgs/hook/pythonpath.dsv'
[40.995s] INFO:colcon.colcon_core.shell:Creating environment hook '/home/pi/drone_workspace/drone-2026/ros_workspace/src/install/uav_msgs/share/uav_msgs/hook/pythonpath.sh'
[40.996s] Level 1:colcon.colcon_core.environment:checking '/home/pi/drone_workspace/drone-2026/ros_workspace/src/install/uav_msgs/bin'
[40.996s] INFO:colcon.colcon_core.shell:Creating package script '/home/pi/drone_workspace/drone-2026/ros_workspace/src/install/uav_msgs/share/uav_msgs/package.ps1'
[40.997s] INFO:colcon.colcon_core.shell:Creating package descriptor '/home/pi/drone_workspace/drone-2026/ros_workspace/src/install/uav_msgs/share/uav_msgs/package.dsv'
[40.997s] INFO:colcon.colcon_core.shell:Creating package script '/home/pi/drone_workspace/drone-2026/ros_workspace/src/install/uav_msgs/share/uav_msgs/package.sh'
[40.998s] INFO:colcon.colcon_core.shell:Creating package script '/home/pi/drone_workspace/drone-2026/ros_workspace/src/install/uav_msgs/share/uav_msgs/package.bash'
[40.998s] INFO:colcon.colcon_core.shell:Creating package script '/home/pi/drone_workspace/drone-2026/ros_workspace/src/install/uav_msgs/share/uav_msgs/package.zsh'
[40.999s] Level 1:colcon.colcon_core.environment:create_file_with_runtime_dependencies(/home/pi/drone_workspace/drone-2026/ros_workspace/src/install/uav_msgs/share/colcon-core/packages/uav_msgs)
[41.000s] INFO:colcon.colcon_ros.task.ament_python.build:Building ROS package in '/home/pi/drone_workspace/drone-2026/ros_workspace/src/uav_mission' with build type 'ament_python'
[41.000s] Level 1:colcon.colcon_core.shell:create_environment_hook('uav_mission', 'ament_prefix_path')
[41.000s] INFO:colcon.colcon_core.shell:Creating environment hook '/home/pi/drone_workspace/drone-2026/ros_workspace/src/install/uav_mission/share/uav_mission/hook/ament_prefix_path.ps1'
[41.001s] INFO:colcon.colcon_core.shell:Creating environment descriptor '/home/pi/drone_workspace/drone-2026/ros_workspace/src/install/uav_mission/share/uav_mission/hook/ament_prefix_path.dsv'
[41.001s] INFO:colcon.colcon_core.shell:Creating environment hook '/home/pi/drone_workspace/drone-2026/ros_workspace/src/install/uav_mission/share/uav_mission/hook/ament_prefix_path.sh'
[41.002s] INFO:colcon.colcon_core.shell:Skip shell extension 'powershell' for command environment: Not usable outside of PowerShell
[41.002s] DEBUG:colcon.colcon_core.shell:Skip shell extension 'dsv' for command environment
[42.514s] INFO:colcon.colcon_core.task.python.build:Building Python package in '/home/pi/drone_workspace/drone-2026/ros_workspace/src/uav_mission'
[42.514s] INFO:colcon.colcon_core.shell:Skip shell extension 'powershell' for command environment: Not usable outside of PowerShell
[42.514s] DEBUG:colcon.colcon_core.shell:Skip shell extension 'dsv' for command environment
[43.812s] DEBUG:colcon.colcon_core.event_handler.log_command:Invoking command in '/home/pi/drone_workspace/drone-2026/ros_workspace/src/uav_mission': AMENT_PREFIX_PATH=/home/pi/drone_workspace/drone-2026/ros_workspace/src/install/uav_msgs:${AMENT_PREFIX_PATH} CMAKE_PREFIX_PATH=/home/pi/drone_workspace/drone-2026/ros_workspace/src/install/uav_msgs:${CMAKE_PREFIX_PATH} DEBUGINFOD_URLS=https://debuginfod.ubuntu.com LD_LIBRARY_PATH=/home/pi/drone_workspace/drone-2026/ros_workspace/src/install/uav_msgs/lib:${LD_LIBRARY_PATH} PYTHONPATH=/home/pi/drone_workspace/drone-2026/ros_workspace/src/build/uav_mission/prefix_override:/usr/lib/python3/dist-packages/colcon_core/task/python/colcon_distutils_commands:/home/pi/drone_workspace/drone-2026/ros_workspace/src/install/uav_mission/lib/python3.12/site-packages:/home/pi/drone_workspace/drone-2026/ros_workspace/src/install/uav_msgs/lib/python3.12/site-packages:${PYTHONPATH} /usr/bin/python3 -W ignore:setup.py install is deprecated -W ignore:easy_install command is deprecated setup.py egg_info --egg-base ../build/uav_mission build --build-base /home/pi/drone_workspace/drone-2026/ros_workspace/src/build/uav_mission/build install --record /home/pi/drone_workspace/drone-2026/ros_workspace/src/build/uav_mission/install.log --single-version-externally-managed install_data
[44.666s] Level 1:colcon.colcon_core.environment:checking '/home/pi/drone_workspace/drone-2026/ros_workspace/src/install/uav_mission' for CMake module files
[44.666s] DEBUG:colcon.colcon_core.event_handler.log_command:Invoked command in '/home/pi/drone_workspace/drone-2026/ros_workspace/src/uav_mission' returned '0': AMENT_PREFIX_PATH=/home/pi/drone_workspace/drone-2026/ros_workspace/src/install/uav_msgs:${AMENT_PREFIX_PATH} CMAKE_PREFIX_PATH=/home/pi/drone_workspace/drone-2026/ros_workspace/src/install/uav_msgs:${CMAKE_PREFIX_PATH} DEBUGINFOD_URLS=https://debuginfod.ubuntu.com LD_LIBRARY_PATH=/home/pi/drone_workspace/drone-2026/ros_workspace/src/install/uav_msgs/lib:${LD_LIBRARY_PATH} PYTHONPATH=/home/pi/drone_workspace/drone-2026/ros_workspace/src/build/uav_mission/prefix_override:/usr/lib/python3/dist-packages/colcon_core/task/python/colcon_distutils_commands:/home/pi/drone_workspace/drone-2026/ros_workspace/src/install/uav_mission/lib/python3.12/site-packages:/home/pi/drone_workspace/drone-2026/ros_workspace/src/install/uav_msgs/lib/python3.12/site-packages:${PYTHONPATH} /usr/bin/python3 -W ignore:setup.py install is deprecated -W ignore:easy_install command is deprecated setup.py egg_info --egg-base ../build/uav_mission build --build-base /home/pi/drone_workspace/drone-2026/ros_workspace/src/build/uav_mission/build install --record /home/pi/drone_workspace/drone-2026/ros_workspace/src/build/uav_mission/install.log --single-version-externally-managed install_data
[44.667s] Level 1:colcon.colcon_core.environment:checking '/home/pi/drone_workspace/drone-2026/ros_workspace/src/install/uav_mission' for CMake config files
[44.668s] Level 1:colcon.colcon_core.environment:checking '/home/pi/drone_workspace/drone-2026/ros_workspace/src/install/uav_mission/lib'
[44.668s] Level 1:colcon.colcon_core.environment:checking '/home/pi/drone_workspace/drone-2026/ros_workspace/src/install/uav_mission/bin'
[44.668s] Level 1:colcon.colcon_core.environment:checking '/home/pi/drone_workspace/drone-2026/ros_workspace/src/install/uav_mission/lib/pkgconfig/uav_mission.pc'
[44.668s] Level 1:colcon.colcon_core.environment:checking '/home/pi/drone_workspace/drone-2026/ros_workspace/src/install/uav_mission/lib/python3.12/site-packages'
[44.668s] Level 1:colcon.colcon_core.shell:create_environment_hook('uav_mission', 'pythonpath')
[44.669s] INFO:colcon.colcon_core.shell:Creating environment hook '/home/pi/drone_workspace/drone-2026/ros_workspace/src/install/uav_mission/share/uav_mission/hook/pythonpath.ps1'
[44.670s] INFO:colcon.colcon_core.shell:Creating environment descriptor '/home/pi/drone_workspace/drone-2026/ros_workspace/src/install/uav_mission/share/uav_mission/hook/pythonpath.dsv'
[44.670s] INFO:colcon.colcon_core.shell:Creating environment hook '/home/pi/drone_workspace/drone-2026/ros_workspace/src/install/uav_mission/share/uav_mission/hook/pythonpath.sh'
[44.671s] Level 1:colcon.colcon_core.environment:checking '/home/pi/drone_workspace/drone-2026/ros_workspace/src/install/uav_mission/bin'
[44.671s] Level 1:colcon.colcon_core.environment:create_environment_scripts_only(uav_mission)
[44.671s] INFO:colcon.colcon_core.shell:Creating package script '/home/pi/drone_workspace/drone-2026/ros_workspace/src/install/uav_mission/share/uav_mission/package.ps1'
[44.672s] INFO:colcon.colcon_core.shell:Creating package descriptor '/home/pi/drone_workspace/drone-2026/ros_workspace/src/install/uav_mission/share/uav_mission/package.dsv'
[44.673s] INFO:colcon.colcon_core.shell:Creating package script '/home/pi/drone_workspace/drone-2026/ros_workspace/src/install/uav_mission/share/uav_mission/package.sh'
[44.673s] INFO:colcon.colcon_core.shell:Creating package script '/home/pi/drone_workspace/drone-2026/ros_workspace/src/install/uav_mission/share/uav_mission/package.bash'
[44.673s] INFO:colcon.colcon_core.shell:Creating package script '/home/pi/drone_workspace/drone-2026/ros_workspace/src/install/uav_mission/share/uav_mission/package.zsh'
[44.674s] Level 1:colcon.colcon_core.environment:create_file_with_runtime_dependencies(/home/pi/drone_workspace/drone-2026/ros_workspace/src/install/uav_mission/share/colcon-core/packages/uav_mission)
[652.773s] DEBUG:colcon.colcon_core.event_handler.log_command:Invoked command in '/home/pi/drone_workspace/drone-2026/ros_workspace/src/build/px4_msgs' returned '0': CMAKE_PREFIX_PATH=${CMAKE_PREFIX_PATH}:/opt/ros/jazzy DEBUGINFOD_URLS=https://debuginfod.ubuntu.com /usr/bin/cmake --build /home/pi/drone_workspace/drone-2026/ros_workspace/src/build/px4_msgs -- -j4 -l4
[652.775s] DEBUG:colcon.colcon_core.event_handler.log_command:Invoking command in '/home/pi/drone_workspace/drone-2026/ros_workspace/src/build/px4_msgs': CMAKE_PREFIX_PATH=${CMAKE_PREFIX_PATH}:/opt/ros/jazzy DEBUGINFOD_URLS=https://debuginfod.ubuntu.com /usr/bin/cmake --install /home/pi/drone_workspace/drone-2026/ros_workspace/src/build/px4_msgs
[655.380s] Level 1:colcon.colcon_core.environment:create_environment_scripts_only(px4_msgs)
[655.380s] DEBUG:colcon.colcon_core.event_handler.log_command:Invoked command in '/home/pi/drone_workspace/drone-2026/ros_workspace/src/build/px4_msgs' returned '0': CMAKE_PREFIX_PATH=${CMAKE_PREFIX_PATH}:/opt/ros/jazzy DEBUGINFOD_URLS=https://debuginfod.ubuntu.com /usr/bin/cmake --install /home/pi/drone_workspace/drone-2026/ros_workspace/src/build/px4_msgs
[655.402s] Level 1:colcon.colcon_core.environment:checking '/home/pi/drone_workspace/drone-2026/ros_workspace/src/install/px4_msgs' for CMake module files
[655.404s] Level 1:colcon.colcon_core.environment:checking '/home/pi/drone_workspace/drone-2026/ros_workspace/src/install/px4_msgs' for CMake config files
[655.441s] Level 1:colcon.colcon_core.shell:create_environment_hook('px4_msgs', 'cmake_prefix_path')
[655.441s] INFO:colcon.colcon_core.shell:Creating environment hook '/home/pi/drone_workspace/drone-2026/ros_workspace/src/install/px4_msgs/share/px4_msgs/hook/cmake_prefix_path.ps1'
[655.442s] INFO:colcon.colcon_core.shell:Creating environment descriptor '/home/pi/drone_workspace/drone-2026/ros_workspace/src/install/px4_msgs/share/px4_msgs/hook/cmake_prefix_path.dsv'
[655.443s] INFO:colcon.colcon_core.shell:Creating environment hook '/home/pi/drone_workspace/drone-2026/ros_workspace/src/install/px4_msgs/share/px4_msgs/hook/cmake_prefix_path.sh'
[655.444s] Level 1:colcon.colcon_core.environment:checking '/home/pi/drone_workspace/drone-2026/ros_workspace/src/install/px4_msgs/lib'
[655.444s] Level 1:colcon.colcon_core.shell:create_environment_hook('px4_msgs', 'ld_library_path_lib')
[655.444s] INFO:colcon.colcon_core.shell:Creating environment hook '/home/pi/drone_workspace/drone-2026/ros_workspace/src/install/px4_msgs/share/px4_msgs/hook/ld_library_path_lib.ps1'
[655.445s] INFO:colcon.colcon_core.shell:Creating environment descriptor '/home/pi/drone_workspace/drone-2026/ros_workspace/src/install/px4_msgs/share/px4_msgs/hook/ld_library_path_lib.dsv'
[655.445s] INFO:colcon.colcon_core.shell:Creating environment hook '/home/pi/drone_workspace/drone-2026/ros_workspace/src/install/px4_msgs/share/px4_msgs/hook/ld_library_path_lib.sh'
[655.446s] Level 1:colcon.colcon_core.environment:checking '/home/pi/drone_workspace/drone-2026/ros_workspace/src/install/px4_msgs/bin'
[655.446s] Level 1:colcon.colcon_core.environment:checking '/home/pi/drone_workspace/drone-2026/ros_workspace/src/install/px4_msgs/lib/pkgconfig/px4_msgs.pc'
[655.447s] Level 1:colcon.colcon_core.environment:checking '/home/pi/drone_workspace/drone-2026/ros_workspace/src/install/px4_msgs/lib/python3.12/site-packages'
[655.447s] Level 1:colcon.colcon_core.shell:create_environment_hook('px4_msgs', 'pythonpath')
[655.447s] INFO:colcon.colcon_core.shell:Creating environment hook '/home/pi/drone_workspace/drone-2026/ros_workspace/src/install/px4_msgs/share/px4_msgs/hook/pythonpath.ps1'
[655.448s] INFO:colcon.colcon_core.shell:Creating environment descriptor '/home/pi/drone_workspace/drone-2026/ros_workspace/src/install/px4_msgs/share/px4_msgs/hook/pythonpath.dsv'
[655.448s] INFO:colcon.colcon_core.shell:Creating environment hook '/home/pi/drone_workspace/drone-2026/ros_workspace/src/install/px4_msgs/share/px4_msgs/hook/pythonpath.sh'
[655.449s] Level 1:colcon.colcon_core.environment:checking '/home/pi/drone_workspace/drone-2026/ros_workspace/src/install/px4_msgs/bin'
[655.450s] INFO:colcon.colcon_core.shell:Creating package script '/home/pi/drone_workspace/drone-2026/ros_workspace/src/install/px4_msgs/share/px4_msgs/package.ps1'
[655.451s] INFO:colcon.colcon_core.shell:Creating package descriptor '/home/pi/drone_workspace/drone-2026/ros_workspace/src/install/px4_msgs/share/px4_msgs/package.dsv'
[655.451s] INFO:colcon.colcon_core.shell:Creating package script '/home/pi/drone_workspace/drone-2026/ros_workspace/src/install/px4_msgs/share/px4_msgs/package.sh'
[655.452s] INFO:colcon.colcon_core.shell:Creating package script '/home/pi/drone_workspace/drone-2026/ros_workspace/src/install/px4_msgs/share/px4_msgs/package.bash'
[655.452s] INFO:colcon.colcon_core.shell:Creating package script '/home/pi/drone_workspace/drone-2026/ros_workspace/src/install/px4_msgs/share/px4_msgs/package.zsh'
[655.453s] Level 1:colcon.colcon_core.environment:create_file_with_runtime_dependencies(/home/pi/drone_workspace/drone-2026/ros_workspace/src/install/px4_msgs/share/colcon-core/packages/px4_msgs)
[655.454s] Level 1:colcon.colcon_core.environment:create_environment_scripts_only(px4_msgs)
[655.454s] Level 1:colcon.colcon_core.environment:checking '/home/pi/drone_workspace/drone-2026/ros_workspace/src/install/px4_msgs' for CMake module files
[655.455s] Level 1:colcon.colcon_core.environment:checking '/home/pi/drone_workspace/drone-2026/ros_workspace/src/install/px4_msgs' for CMake config files
[655.456s] Level 1:colcon.colcon_core.shell:create_environment_hook('px4_msgs', 'cmake_prefix_path')
[655.457s] INFO:colcon.colcon_core.shell:Creating environment hook '/home/pi/drone_workspace/drone-2026/ros_workspace/src/install/px4_msgs/share/px4_msgs/hook/cmake_prefix_path.ps1'
[655.457s] INFO:colcon.colcon_core.shell:Creating environment descriptor '/home/pi/drone_workspace/drone-2026/ros_workspace/src/install/px4_msgs/share/px4_msgs/hook/cmake_prefix_path.dsv'
[655.458s] INFO:colcon.colcon_core.shell:Creating environment hook '/home/pi/drone_workspace/drone-2026/ros_workspace/src/install/px4_msgs/share/px4_msgs/hook/cmake_prefix_path.sh'
[655.458s] Level 1:colcon.colcon_core.environment:checking '/home/pi/drone_workspace/drone-2026/ros_workspace/src/install/px4_msgs/lib'
[655.458s] Level 1:colcon.colcon_core.shell:create_environment_hook('px4_msgs', 'ld_library_path_lib')
[655.459s] INFO:colcon.colcon_core.shell:Creating environment hook '/home/pi/drone_workspace/drone-2026/ros_workspace/src/install/px4_msgs/share/px4_msgs/hook/ld_library_path_lib.ps1'
[655.459s] INFO:colcon.colcon_core.shell:Creating environment descriptor '/home/pi/drone_workspace/drone-2026/ros_workspace/src/install/px4_msgs/share/px4_msgs/hook/ld_library_path_lib.dsv'
[655.460s] INFO:colcon.colcon_core.shell:Creating environment hook '/home/pi/drone_workspace/drone-2026/ros_workspace/src/install/px4_msgs/share/px4_msgs/hook/ld_library_path_lib.sh'
[655.460s] Level 1:colcon.colcon_core.environment:checking '/home/pi/drone_workspace/drone-2026/ros_workspace/src/install/px4_msgs/bin'
[655.460s] Level 1:colcon.colcon_core.environment:checking '/home/pi/drone_workspace/drone-2026/ros_workspace/src/install/px4_msgs/lib/pkgconfig/px4_msgs.pc'
[655.461s] Level 1:colcon.colcon_core.environment:checking '/home/pi/drone_workspace/drone-2026/ros_workspace/src/install/px4_msgs/lib/python3.12/site-packages'
[655.461s] Level 1:colcon.colcon_core.shell:create_environment_hook('px4_msgs', 'pythonpath')
[655.461s] INFO:colcon.colcon_core.shell:Creating environment hook '/home/pi/drone_workspace/drone-2026/ros_workspace/src/install/px4_msgs/share/px4_msgs/hook/pythonpath.ps1'
[655.461s] INFO:colcon.colcon_core.shell:Creating environment descriptor '/home/pi/drone_workspace/drone-2026/ros_workspace/src/install/px4_msgs/share/px4_msgs/hook/pythonpath.dsv'
[655.462s] INFO:colcon.colcon_core.shell:Creating environment hook '/home/pi/drone_workspace/drone-2026/ros_workspace/src/install/px4_msgs/share/px4_msgs/hook/pythonpath.sh'
[655.463s] Level 1:colcon.colcon_core.environment:checking '/home/pi/drone_workspace/drone-2026/ros_workspace/src/install/px4_msgs/bin'
[655.463s] INFO:colcon.colcon_core.shell:Creating package script '/home/pi/drone_workspace/drone-2026/ros_workspace/src/install/px4_msgs/share/px4_msgs/package.ps1'
[655.464s] INFO:colcon.colcon_core.shell:Creating package descriptor '/home/pi/drone_workspace/drone-2026/ros_workspace/src/install/px4_msgs/share/px4_msgs/package.dsv'
[655.478s] INFO:colcon.colcon_core.shell:Creating package script '/home/pi/drone_workspace/drone-2026/ros_workspace/src/install/px4_msgs/share/px4_msgs/package.sh'
[655.479s] INFO:colcon.colcon_core.shell:Creating package script '/home/pi/drone_workspace/drone-2026/ros_workspace/src/install/px4_msgs/share/px4_msgs/package.bash'
[655.479s] INFO:colcon.colcon_core.shell:Creating package script '/home/pi/drone_workspace/drone-2026/ros_workspace/src/install/px4_msgs/share/px4_msgs/package.zsh'
[655.480s] Level 1:colcon.colcon_core.environment:create_file_with_runtime_dependencies(/home/pi/drone_workspace/drone-2026/ros_workspace/src/install/px4_msgs/share/colcon-core/packages/px4_msgs)
[655.481s] DEBUG:colcon.colcon_parallel_executor.executor.parallel:closing loop
[655.481s] DEBUG:colcon.colcon_parallel_executor.executor.parallel:loop closed
[655.481s] DEBUG:colcon.colcon_parallel_executor.executor.parallel:run_until_complete finished with '0'
[655.481s] DEBUG:colcon.colcon_core.event_reactor:joining thread
[655.511s] INFO:colcon.colcon_core.plugin_system:Skipping extension 'colcon_notification.desktop_notification.terminal_notifier': Not used on non-Darwin systems
[655.511s] INFO:colcon.colcon_core.plugin_system:Skipping extension 'colcon_notification.desktop_notification.win32': Not used on non-Windows systems
[655.511s] INFO:colcon.colcon_notification.desktop_notification:Sending desktop notification using 'notify2'
[655.513s] DEBUG:colcon.colcon_notification.desktop_notification.notify2:Failed to initialize notify2: org.freedesktop.DBus.Error.ServiceUnknown: The name org.freedesktop.Notifications was not provided by any .service files
[655.513s] DEBUG:colcon.colcon_core.event_reactor:joined thread
[655.514s] INFO:colcon.colcon_core.shell:Creating prefix script '/home/pi/drone_workspace/drone-2026/ros_workspace/src/install/local_setup.ps1'
[655.516s] INFO:colcon.colcon_core.shell:Creating prefix util module '/home/pi/drone_workspace/drone-2026/ros_workspace/src/install/_local_setup_util_ps1.py'
[655.521s] INFO:colcon.colcon_core.shell:Creating prefix chain script '/home/pi/drone_workspace/drone-2026/ros_workspace/src/install/setup.ps1'
[655.524s] INFO:colcon.colcon_core.shell:Creating prefix script '/home/pi/drone_workspace/drone-2026/ros_workspace/src/install/local_setup.sh'
[655.527s] INFO:colcon.colcon_core.shell:Creating prefix util module '/home/pi/drone_workspace/drone-2026/ros_workspace/src/install/_local_setup_util_sh.py'
[655.528s] INFO:colcon.colcon_core.shell:Creating prefix chain script '/home/pi/drone_workspace/drone-2026/ros_workspace/src/install/setup.sh'
[655.531s] INFO:colcon.colcon_core.shell:Creating prefix script '/home/pi/drone_workspace/drone-2026/ros_workspace/src/install/local_setup.bash'
[655.535s] INFO:colcon.colcon_core.shell:Creating prefix chain script '/home/pi/drone_workspace/drone-2026/ros_workspace/src/install/setup.bash'
[655.538s] INFO:colcon.colcon_core.shell:Creating prefix script '/home/pi/drone_workspace/drone-2026/ros_workspace/src/install/local_setup.zsh'
[655.542s] INFO:colcon.colcon_core.shell:Creating prefix chain script '/home/pi/drone_workspace/drone-2026/ros_workspace/src/install/setup.zsh'
