running egg_info
creating ../build/uav_mission/uav_mission.egg-info
writing ../build/uav_mission/uav_mission.egg-info/PKG-INFO
writing dependency_links to ../build/uav_mission/uav_mission.egg-info/dependency_links.txt
writing entry points to ../build/uav_mission/uav_mission.egg-info/entry_points.txt
writing requirements to ../build/uav_mission/uav_mission.egg-info/requires.txt
writing top-level names to ../build/uav_mission/uav_mission.egg-info/top_level.txt
writing manifest file '../build/uav_mission/uav_mission.egg-info/SOURCES.txt'
reading manifest file '../build/uav_mission/uav_mission.egg-info/SOURCES.txt'
writing manifest file '../build/uav_mission/uav_mission.egg-info/SOURCES.txt'
running build
running build_py
creating /home/pi/drone_workspace/drone-2026/ros_workspace/src/build/uav_mission/build
creating /home/pi/drone_workspace/drone-2026/ros_workspace/src/build/uav_mission/build/lib
creating /home/pi/drone_workspace/drone-2026/ros_workspace/src/build/uav_mission/build/lib/uav_mission
copying uav_mission/movement_node.py -> /home/pi/drone_workspace/drone-2026/ros_workspace/src/build/uav_mission/build/lib/uav_mission
copying uav_mission/detection_node.py -> /home/pi/drone_workspace/drone-2026/ros_workspace/src/build/uav_mission/build/lib/uav_mission
copying uav_mission/central_command_node.py -> /home/pi/drone_workspace/drone-2026/ros_workspace/src/build/uav_mission/build/lib/uav_mission
copying uav_mission/XF_SDK.py -> /home/pi/drone_workspace/drone-2026/ros_workspace/src/build/uav_mission/build/lib/uav_mission
copying uav_mission/mapping_node.py -> /home/pi/drone_workspace/drone-2026/ros_workspace/src/build/uav_mission/build/lib/uav_mission
copying uav_mission/camera_node.py -> /home/pi/drone_workspace/drone-2026/ros_workspace/src/build/uav_mission/build/lib/uav_mission
copying uav_mission/__init__.py -> /home/pi/drone_workspace/drone-2026/ros_workspace/src/build/uav_mission/build/lib/uav_mission
running install
running install_lib
creating /home/pi/drone_workspace/drone-2026/ros_workspace/src/install/uav_mission/lib/python3.12/site-packages/uav_mission
copying /home/pi/drone_workspace/drone-2026/ros_workspace/src/build/uav_mission/build/lib/uav_mission/movement_node.py -> /home/pi/drone_workspace/drone-2026/ros_workspace/src/install/uav_mission/lib/python3.12/site-packages/uav_mission
copying /home/pi/drone_workspace/drone-2026/ros_workspace/src/build/uav_mission/build/lib/uav_mission/detection_node.py -> /home/pi/drone_workspace/drone-2026/ros_workspace/src/install/uav_mission/lib/python3.12/site-packages/uav_mission
copying /home/pi/drone_workspace/drone-2026/ros_workspace/src/build/uav_mission/build/lib/uav_mission/central_command_node.py -> /home/pi/drone_workspace/drone-2026/ros_workspace/src/install/uav_mission/lib/python3.12/site-packages/uav_mission
copying /home/pi/drone_workspace/drone-2026/ros_workspace/src/build/uav_mission/build/lib/uav_mission/XF_SDK.py -> /home/pi/drone_workspace/drone-2026/ros_workspace/src/install/uav_mission/lib/python3.12/site-packages/uav_mission
copying /home/pi/drone_workspace/drone-2026/ros_workspace/src/build/uav_mission/build/lib/uav_mission/mapping_node.py -> /home/pi/drone_workspace/drone-2026/ros_workspace/src/install/uav_mission/lib/python3.12/site-packages/uav_mission
copying /home/pi/drone_workspace/drone-2026/ros_workspace/src/build/uav_mission/build/lib/uav_mission/camera_node.py -> /home/pi/drone_workspace/drone-2026/ros_workspace/src/install/uav_mission/lib/python3.12/site-packages/uav_mission
copying /home/pi/drone_workspace/drone-2026/ros_workspace/src/build/uav_mission/build/lib/uav_mission/__init__.py -> /home/pi/drone_workspace/drone-2026/ros_workspace/src/install/uav_mission/lib/python3.12/site-packages/uav_mission
byte-compiling /home/pi/drone_workspace/drone-2026/ros_workspace/src/install/uav_mission/lib/python3.12/site-packages/uav_mission/movement_node.py to movement_node.cpython-312.pyc
byte-compiling /home/pi/drone_workspace/drone-2026/ros_workspace/src/install/uav_mission/lib/python3.12/site-packages/uav_mission/detection_node.py to detection_node.cpython-312.pyc
byte-compiling /home/pi/drone_workspace/drone-2026/ros_workspace/src/install/uav_mission/lib/python3.12/site-packages/uav_mission/central_command_node.py to central_command_node.cpython-312.pyc
byte-compiling /home/pi/drone_workspace/drone-2026/ros_workspace/src/install/uav_mission/lib/python3.12/site-packages/uav_mission/XF_SDK.py to XF_SDK.cpython-312.pyc
byte-compiling /home/pi/drone_workspace/drone-2026/ros_workspace/src/install/uav_mission/lib/python3.12/site-packages/uav_mission/mapping_node.py to mapping_node.cpython-312.pyc
byte-compiling /home/pi/drone_workspace/drone-2026/ros_workspace/src/install/uav_mission/lib/python3.12/site-packages/uav_mission/camera_node.py to camera_node.cpython-312.pyc
byte-compiling /home/pi/drone_workspace/drone-2026/ros_workspace/src/install/uav_mission/lib/python3.12/site-packages/uav_mission/__init__.py to __init__.cpython-312.pyc
running install_data
creating /home/pi/drone_workspace/drone-2026/ros_workspace/src/install/uav_mission/share/ament_index
creating /home/pi/drone_workspace/drone-2026/ros_workspace/src/install/uav_mission/share/ament_index/resource_index
creating /home/pi/drone_workspace/drone-2026/ros_workspace/src/install/uav_mission/share/ament_index/resource_index/packages
copying resource/uav_mission -> /home/pi/drone_workspace/drone-2026/ros_workspace/src/install/uav_mission/share/ament_index/resource_index/packages
copying package.xml -> /home/pi/drone_workspace/drone-2026/ros_workspace/src/install/uav_mission/share/uav_mission
creating /home/pi/drone_workspace/drone-2026/ros_workspace/src/install/uav_mission/share/uav_mission/launch
copying launch/bringup.launch.py -> /home/pi/drone_workspace/drone-2026/ros_workspace/src/install/uav_mission/share/uav_mission/launch
copying launch/waypoint_only.launch.py -> /home/pi/drone_workspace/drone-2026/ros_workspace/src/install/uav_mission/share/uav_mission/launch
running install_egg_info
Copying ../build/uav_mission/uav_mission.egg-info to /home/pi/drone_workspace/drone-2026/ros_workspace/src/install/uav_mission/lib/python3.12/site-packages/uav_mission-0.1.0-py3.12.egg-info
running install_scripts
Installing camera_node script to /home/pi/drone_workspace/drone-2026/ros_workspace/src/install/uav_mission/lib/uav_mission
Installing central_command_node script to /home/pi/drone_workspace/drone-2026/ros_workspace/src/install/uav_mission/lib/uav_mission
Installing detection_node script to /home/pi/drone_workspace/drone-2026/ros_workspace/src/install/uav_mission/lib/uav_mission
Installing mapping_node script to /home/pi/drone_workspace/drone-2026/ros_workspace/src/install/uav_mission/lib/uav_mission
Installing movement_node script to /home/pi/drone_workspace/drone-2026/ros_workspace/src/install/uav_mission/lib/uav_mission
writing list of installed files to '/home/pi/drone_workspace/drone-2026/ros_workspace/src/build/uav_mission/install.log'
