[2.808s] Invoking command in '/home/pi/drone_workspace/drone-2026/ros_workspace/src/uav_mission': AMENT_PREFIX_PATH=/home/pi/drone_workspace/drone-2026/ros_workspace/src/install/uav_msgs:${AMENT_PREFIX_PATH} CMAKE_PREFIX_PATH=/home/pi/drone_workspace/drone-2026/ros_workspace/src/install/uav_msgs:${CMAKE_PREFIX_PATH} DEBUGINFOD_URLS=https://debuginfod.ubuntu.com LD_LIBRARY_PATH=/home/pi/drone_workspace/drone-2026/ros_workspace/src/install/uav_msgs/lib:${LD_LIBRARY_PATH} PYTHONPATH=/home/pi/drone_workspace/drone-2026/ros_workspace/src/build/uav_mission/prefix_override:/usr/lib/python3/dist-packages/colcon_core/task/python/colcon_distutils_commands:/home/pi/drone_workspace/drone-2026/ros_workspace/src/install/uav_mission/lib/python3.12/site-packages:/home/pi/drone_workspace/drone-2026/ros_workspace/src/install/uav_msgs/lib/python3.12/site-packages:${PYTHONPATH} /usr/bin/python3 -W ignore:setup.py install is deprecated -W ignore:easy_install command is deprecated setup.py egg_info --egg-base ../build/uav_mission build --build-base /home/pi/drone_workspace/drone-2026/ros_workspace/src/build/uav_mission/build install --record /home/pi/drone_workspace/drone-2026/ros_workspace/src/build/uav_mission/install.log --single-version-externally-managed install_data
[3.189s] running egg_info
[3.189s] creating ../build/uav_mission/uav_mission.egg-info
[3.216s] writing ../build/uav_mission/uav_mission.egg-info/PKG-INFO
[3.216s] writing dependency_links to ../build/uav_mission/uav_mission.egg-info/dependency_links.txt
[3.216s] writing entry points to ../build/uav_mission/uav_mission.egg-info/entry_points.txt
[3.217s] writing requirements to ../build/uav_mission/uav_mission.egg-info/requires.txt
[3.217s] writing top-level names to ../build/uav_mission/uav_mission.egg-info/top_level.txt
[3.217s] writing manifest file '../build/uav_mission/uav_mission.egg-info/SOURCES.txt'
[3.270s] reading manifest file '../build/uav_mission/uav_mission.egg-info/SOURCES.txt'
[3.271s] writing manifest file '../build/uav_mission/uav_mission.egg-info/SOURCES.txt'
[3.271s] running build
[3.271s] running build_py
[3.272s] creating /home/pi/drone_workspace/drone-2026/ros_workspace/src/build/uav_mission/build
[3.272s] creating /home/pi/drone_workspace/drone-2026/ros_workspace/src/build/uav_mission/build/lib
[3.272s] creating /home/pi/drone_workspace/drone-2026/ros_workspace/src/build/uav_mission/build/lib/uav_mission
[3.272s] copying uav_mission/movement_node.py -> /home/pi/drone_workspace/drone-2026/ros_workspace/src/build/uav_mission/build/lib/uav_mission
[3.287s] copying uav_mission/detection_node.py -> /home/pi/drone_workspace/drone-2026/ros_workspace/src/build/uav_mission/build/lib/uav_mission
[3.288s] copying uav_mission/central_command_node.py -> /home/pi/drone_workspace/drone-2026/ros_workspace/src/build/uav_mission/build/lib/uav_mission
[3.288s] copying uav_mission/XF_SDK.py -> /home/pi/drone_workspace/drone-2026/ros_workspace/src/build/uav_mission/build/lib/uav_mission
[3.289s] copying uav_mission/mapping_node.py -> /home/pi/drone_workspace/drone-2026/ros_workspace/src/build/uav_mission/build/lib/uav_mission
[3.290s] copying uav_mission/camera_node.py -> /home/pi/drone_workspace/drone-2026/ros_workspace/src/build/uav_mission/build/lib/uav_mission
[3.290s] copying uav_mission/__init__.py -> /home/pi/drone_workspace/drone-2026/ros_workspace/src/build/uav_mission/build/lib/uav_mission
[3.291s] running install
[3.300s] running install_lib
[3.326s] creating /home/pi/drone_workspace/drone-2026/ros_workspace/src/install/uav_mission/lib/python3.12/site-packages/uav_mission
[3.326s] copying /home/pi/drone_workspace/drone-2026/ros_workspace/src/build/uav_mission/build/lib/uav_mission/movement_node.py -> /home/pi/drone_workspace/drone-2026/ros_workspace/src/install/uav_mission/lib/python3.12/site-packages/uav_mission
[3.327s] copying /home/pi/drone_workspace/drone-2026/ros_workspace/src/build/uav_mission/build/lib/uav_mission/detection_node.py -> /home/pi/drone_workspace/drone-2026/ros_workspace/src/install/uav_mission/lib/python3.12/site-packages/uav_mission
[3.327s] copying /home/pi/drone_workspace/drone-2026/ros_workspace/src/build/uav_mission/build/lib/uav_mission/central_command_node.py -> /home/pi/drone_workspace/drone-2026/ros_workspace/src/install/uav_mission/lib/python3.12/site-packages/uav_mission
[3.327s] copying /home/pi/drone_workspace/drone-2026/ros_workspace/src/build/uav_mission/build/lib/uav_mission/XF_SDK.py -> /home/pi/drone_workspace/drone-2026/ros_workspace/src/install/uav_mission/lib/python3.12/site-packages/uav_mission
[3.327s] copying /home/pi/drone_workspace/drone-2026/ros_workspace/src/build/uav_mission/build/lib/uav_mission/mapping_node.py -> /home/pi/drone_workspace/drone-2026/ros_workspace/src/install/uav_mission/lib/python3.12/site-packages/uav_mission
[3.327s] copying /home/pi/drone_workspace/drone-2026/ros_workspace/src/build/uav_mission/build/lib/uav_mission/camera_node.py -> /home/pi/drone_workspace/drone-2026/ros_workspace/src/install/uav_mission/lib/python3.12/site-packages/uav_mission
[3.328s] copying /home/pi/drone_workspace/drone-2026/ros_workspace/src/build/uav_mission/build/lib/uav_mission/__init__.py -> /home/pi/drone_workspace/drone-2026/ros_workspace/src/install/uav_mission/lib/python3.12/site-packages/uav_mission
[3.328s] byte-compiling /home/pi/drone_workspace/drone-2026/ros_workspace/src/install/uav_mission/lib/python3.12/site-packages/uav_mission/movement_node.py to movement_node.cpython-312.pyc
[3.329s] byte-compiling /home/pi/drone_workspace/drone-2026/ros_workspace/src/install/uav_mission/lib/python3.12/site-packages/uav_mission/detection_node.py to detection_node.cpython-312.pyc
[3.330s] byte-compiling /home/pi/drone_workspace/drone-2026/ros_workspace/src/install/uav_mission/lib/python3.12/site-packages/uav_mission/central_command_node.py to central_command_node.cpython-312.pyc
[3.331s] byte-compiling /home/pi/drone_workspace/drone-2026/ros_workspace/src/install/uav_mission/lib/python3.12/site-packages/uav_mission/XF_SDK.py to XF_SDK.cpython-312.pyc
[3.338s] byte-compiling /home/pi/drone_workspace/drone-2026/ros_workspace/src/install/uav_mission/lib/python3.12/site-packages/uav_mission/mapping_node.py to mapping_node.cpython-312.pyc
[3.339s] byte-compiling /home/pi/drone_workspace/drone-2026/ros_workspace/src/install/uav_mission/lib/python3.12/site-packages/uav_mission/camera_node.py to camera_node.cpython-312.pyc
[3.339s] byte-compiling /home/pi/drone_workspace/drone-2026/ros_workspace/src/install/uav_mission/lib/python3.12/site-packages/uav_mission/__init__.py to __init__.cpython-312.pyc
[3.340s] running install_data
[3.340s] creating /home/pi/drone_workspace/drone-2026/ros_workspace/src/install/uav_mission/share/ament_index
[3.340s] creating /home/pi/drone_workspace/drone-2026/ros_workspace/src/install/uav_mission/share/ament_index/resource_index
[3.340s] creating /home/pi/drone_workspace/drone-2026/ros_workspace/src/install/uav_mission/share/ament_index/resource_index/packages
[3.340s] copying resource/uav_mission -> /home/pi/drone_workspace/drone-2026/ros_workspace/src/install/uav_mission/share/ament_index/resource_index/packages
[3.340s] copying package.xml -> /home/pi/drone_workspace/drone-2026/ros_workspace/src/install/uav_mission/share/uav_mission
[3.341s] creating /home/pi/drone_workspace/drone-2026/ros_workspace/src/install/uav_mission/share/uav_mission/launch
[3.341s] copying launch/bringup.launch.py -> /home/pi/drone_workspace/drone-2026/ros_workspace/src/install/uav_mission/share/uav_mission/launch
[3.342s] copying launch/waypoint_only.launch.py -> /home/pi/drone_workspace/drone-2026/ros_workspace/src/install/uav_mission/share/uav_mission/launch
[3.342s] running install_egg_info
[3.371s] Copying ../build/uav_mission/uav_mission.egg-info to /home/pi/drone_workspace/drone-2026/ros_workspace/src/install/uav_mission/lib/python3.12/site-packages/uav_mission-0.1.0-py3.12.egg-info
[3.372s] running install_scripts
[3.557s] Installing camera_node script to /home/pi/drone_workspace/drone-2026/ros_workspace/src/install/uav_mission/lib/uav_mission
[3.557s] Installing central_command_node script to /home/pi/drone_workspace/drone-2026/ros_workspace/src/install/uav_mission/lib/uav_mission
[3.557s] Installing detection_node script to /home/pi/drone_workspace/drone-2026/ros_workspace/src/install/uav_mission/lib/uav_mission
[3.558s] Installing mapping_node script to /home/pi/drone_workspace/drone-2026/ros_workspace/src/install/uav_mission/lib/uav_mission
[3.558s] Installing movement_node script to /home/pi/drone_workspace/drone-2026/ros_workspace/src/install/uav_mission/lib/uav_mission
[3.558s] writing list of installed files to '/home/pi/drone_workspace/drone-2026/ros_workspace/src/build/uav_mission/install.log'
[3.663s] Invoked command in '/home/pi/drone_workspace/drone-2026/ros_workspace/src/uav_mission' returned '0': AMENT_PREFIX_PATH=/home/pi/drone_workspace/drone-2026/ros_workspace/src/install/uav_msgs:${AMENT_PREFIX_PATH} CMAKE_PREFIX_PATH=/home/pi/drone_workspace/drone-2026/ros_workspace/src/install/uav_msgs:${CMAKE_PREFIX_PATH} DEBUGINFOD_URLS=https://debuginfod.ubuntu.com LD_LIBRARY_PATH=/home/pi/drone_workspace/drone-2026/ros_workspace/src/install/uav_msgs/lib:${LD_LIBRARY_PATH} PYTHONPATH=/home/pi/drone_workspace/drone-2026/ros_workspace/src/build/uav_mission/prefix_override:/usr/lib/python3/dist-packages/colcon_core/task/python/colcon_distutils_commands:/home/pi/drone_workspace/drone-2026/ros_workspace/src/install/uav_mission/lib/python3.12/site-packages:/home/pi/drone_workspace/drone-2026/ros_workspace/src/install/uav_msgs/lib/python3.12/site-packages:${PYTHONPATH} /usr/bin/python3 -W ignore:setup.py install is deprecated -W ignore:easy_install command is deprecated setup.py egg_info --egg-base ../build/uav_mission build --build-base /home/pi/drone_workspace/drone-2026/ros_workspace/src/build/uav_mission/build install --record /home/pi/drone_workspace/drone-2026/ros_workspace/src/build/uav_mission/install.log --single-version-externally-managed install_data
